<?xml version="1.0" encoding="UTF-8"?>
<testsuite name="com.academy.controller.CourseControllerTest" tests="1" skipped="0" failures="0" errors="0" timestamp="2025-11-07T19:48:05" hostname="PARCEGER" time="1.617">
  <properties/>
  <testcase name="testCRUD()" classname="com.academy.controller.CourseControllerTest" time="1.617"/>
  <system-out><![CDATA[2025-11-07T14:47:41.695-05:00  INFO 15816 --- [    Test worker] t.c.s.AnnotationConfigContextLoaderUtils : Could not detect default configuration classes for test class [com.academy.controller.CourseControllerTest]: CourseControllerTest does not declare any static, non-private, non-final, nested classes annotated with @Configuration.
2025-11-07T14:47:41.760-05:00  INFO 15816 --- [    Test worker] .b.t.c.SpringBootTestContextBootstrapper : Found @SpringBootConfiguration com.academy.BackendApplication for test class com.academy.controller.CourseControllerTest

  .   ____          _            __ _ _
 /\\ / ___'_ __ _ _(_)_ __  __ _ \ \ \ \
( ( )\___ | '_ | '_| | '_ \/ _` | \ \ \ \
 \\/  ___)| |_)| | | | | || (_| |  ) ) ) )
  '  |____| .__|_| |_|_| |_\__, | / / / /
 =========|_|==============|___/=/_/_/_/
 :: Spring Boot ::                (v3.2.0)

2025-11-07T14:47:42.157-05:00  WARN 15816 --- [    Test worker] ory$DuplicateJsonObjectContextCustomizer : 

Found multiple occurrences of org.json.JSONObject on the class path:

	jar:file:/C:/Users/user/.gradle/caches/modules-2/files-2.1/org.json/json/20231013/e22e0c040fe16f04ffdb85d851d77b07fc05ea52/json-20231013.jar!/org/json/JSONObject.class
	jar:file:/C:/Users/user/.gradle/caches/modules-2/files-2.1/com.vaadin.external.google/android-json/0.0.20131108.vaadin1/fa26d351fe62a6a17f5cda1287c1c6110dec413f/android-json-0.0.20131108.vaadin1.jar!/org/json/JSONObject.class

You may wish to exclude one of them to ensure predictable runtime behavior

2025-11-07T14:47:42.159-05:00  INFO 15816 --- [    Test worker] c.a.controller.CourseControllerTest      : Starting CourseControllerTest using Java 17.0.12 with PID 15816 (started by ParceGer in C:\Users\user\Documents\sofka\academy-auto\backend)
2025-11-07T14:47:42.159-05:00 DEBUG 15816 --- [    Test worker] c.a.controller.CourseControllerTest      : Running with Spring Boot v3.2.0, Spring v6.1.1
2025-11-07T14:47:42.160-05:00  INFO 15816 --- [    Test worker] c.a.controller.CourseControllerTest      : No active profile set, falling back to 1 default profile: "default"
2025-11-07T14:47:44.809-05:00  INFO 15816 --- [    Test worker] .s.d.r.c.RepositoryConfigurationDelegate : Bootstrapping Spring Data JPA repositories in DEFAULT mode.
2025-11-07T14:47:44.943-05:00  INFO 15816 --- [    Test worker] .s.d.r.c.RepositoryConfigurationDelegate : Finished Spring Data repository scanning in 133 ms. Found 3 JPA repository interfaces.
2025-11-07T14:47:45.893-05:00  INFO 15816 --- [    Test worker] o.hibernate.jpa.internal.util.LogHelper  : HHH000204: Processing PersistenceUnitInfo [name: default]
2025-11-07T14:47:46.095-05:00  INFO 15816 --- [    Test worker] o.h.c.internal.RegionFactoryInitiator    : HHH000026: Second-level cache disabled
2025-11-07T14:47:46.143-05:00  INFO 15816 --- [    Test worker] o.s.o.j.p.SpringPersistenceUnitInfo      : No LoadTimeWeaver setup: ignoring JPA class transformer
2025-11-07T14:47:46.150-05:00  INFO 15816 --- [    Test worker] com.zaxxer.hikari.HikariDataSource       : HikariPool-2 - Starting...
2025-11-07T14:47:46.155-05:00  INFO 15816 --- [    Test worker] com.zaxxer.hikari.pool.HikariPool        : HikariPool-2 - Added connection conn10: url=jdbc:h2:mem:testdb user=SA
2025-11-07T14:47:46.155-05:00  INFO 15816 --- [    Test worker] com.zaxxer.hikari.HikariDataSource       : HikariPool-2 - Start completed.
2025-11-07T14:47:46.156-05:00  WARN 15816 --- [    Test worker] org.hibernate.orm.deprecation            : HHH90000025: H2Dialect does not need to be specified explicitly using 'hibernate.dialect' (remove the property setting and it will be selected by default)
2025-11-07T14:47:47.393-05:00  INFO 15816 --- [    Test worker] o.h.e.t.j.p.i.JtaPlatformInitiator       : HHH000489: No JTA platform available (set 'hibernate.transaction.jta.platform' to enable JTA platform integration)
2025-11-07T14:47:47.395-05:00 DEBUG 15816 --- [    Test worker] org.hibernate.SQL                        : drop table if exists course cascade 
Hibernate: drop table if exists course cascade 
2025-11-07T14:47:47.437-05:00 DEBUG 15816 --- [    Test worker] org.hibernate.SQL                        : drop table if exists enrollment cascade 
Hibernate: drop table if exists enrollment cascade 
2025-11-07T14:47:47.485-05:00 DEBUG 15816 --- [    Test worker] org.hibernate.SQL                        : drop table if exists users cascade 
Hibernate: drop table if exists users cascade 
2025-11-07T14:47:47.494-05:00 DEBUG 15816 --- [    Test worker] org.hibernate.SQL                        : create table course (id bigint generated by default as identity, category varchar(255), level varchar(255), title varchar(255), primary key (id))
Hibernate: create table course (id bigint generated by default as identity, category varchar(255), level varchar(255), title varchar(255), primary key (id))
2025-11-07T14:47:47.503-05:00 DEBUG 15816 --- [    Test worker] org.hibernate.SQL                        : create table enrollment (course_id bigint not null, id bigint generated by default as identity, student_id bigint not null, primary key (id))
Hibernate: create table enrollment (course_id bigint not null, id bigint generated by default as identity, student_id bigint not null, primary key (id))
2025-11-07T14:47:47.518-05:00 DEBUG 15816 --- [    Test worker] org.hibernate.SQL                        : create table users (id bigint generated by default as identity, password varchar(255) not null, role varchar(255) not null, username varchar(255) not null unique, primary key (id))
Hibernate: create table users (id bigint generated by default as identity, password varchar(255) not null, role varchar(255) not null, username varchar(255) not null unique, primary key (id))
2025-11-07T14:47:47.970-05:00 DEBUG 15816 --- [    Test worker] org.hibernate.SQL                        : alter table if exists enrollment add constraint FKbhhcqkw1px6yljqg92m0sh2gt foreign key (course_id) references course
Hibernate: alter table if exists enrollment add constraint FKbhhcqkw1px6yljqg92m0sh2gt foreign key (course_id) references course
2025-11-07T14:47:47.974-05:00 DEBUG 15816 --- [    Test worker] org.hibernate.SQL                        : alter table if exists enrollment add constraint FKl16dtl7cgm3p2kfip5pml5jsh foreign key (student_id) references users
Hibernate: alter table if exists enrollment add constraint FKl16dtl7cgm3p2kfip5pml5jsh foreign key (student_id) references users
2025-11-07T14:47:47.978-05:00  INFO 15816 --- [    Test worker] j.LocalContainerEntityManagerFactoryBean : Initialized JPA EntityManagerFactory for persistence unit 'default'
2025-11-07T14:47:51.248-05:00  WARN 15816 --- [    Test worker] JpaBaseConfiguration$JpaWebConfiguration : spring.jpa.open-in-view is enabled by default. Therefore, database queries may be performed during view rendering. Explicitly configure spring.jpa.open-in-view to disable this warning
2025-11-07T14:47:55.149-05:00  INFO 15816 --- [    Test worker] o.s.s.web.DefaultSecurityFilterChain     : Will secure any request with [org.springframework.security.web.session.DisableEncodeUrlFilter@59010c22, org.springframework.security.web.context.request.async.WebAsyncManagerIntegrationFilter@29fb1073, org.springframework.security.web.context.SecurityContextHolderFilter@6393a745, org.springframework.security.web.header.HeaderWriterFilter@633f30af, org.springframework.web.filter.CorsFilter@152364f0, org.springframework.security.web.authentication.logout.LogoutFilter@6416b6e3, org.springframework.security.web.savedrequest.RequestCacheAwareFilter@545390ab, org.springframework.security.web.servletapi.SecurityContextHolderAwareRequestFilter@e1619a, org.springframework.security.web.authentication.AnonymousAuthenticationFilter@7b60846c, org.springframework.security.web.access.ExceptionTranslationFilter@d8b2da6, org.springframework.security.web.access.intercept.AuthorizationFilter@7d9277f7]
2025-11-07T14:47:57.857-05:00  INFO 15816 --- [    Test worker] o.s.b.a.h2.H2ConsoleAutoConfiguration    : H2 console available at '/h2-console'. Database available at 'jdbc:h2:mem:testdb'
2025-11-07T14:47:58.092-05:00 DEBUG 15816 --- [    Test worker] c.academy.config.H2ConsoleHeaderFilter   : Filter 'h2ConsoleHeaderFilter' configured for use
2025-11-07T14:47:58.093-05:00  INFO 15816 --- [    Test worker] o.s.b.t.m.w.SpringBootMockServletContext : Initializing Spring TestDispatcherServlet ''
2025-11-07T14:47:58.094-05:00  INFO 15816 --- [    Test worker] o.s.t.web.servlet.TestDispatcherServlet  : Initializing Servlet ''
2025-11-07T14:47:58.112-05:00  INFO 15816 --- [    Test worker] o.s.t.web.servlet.TestDispatcherServlet  : Completed initialization in 17 ms
2025-11-07T14:47:58.725-05:00  INFO 15816 --- [    Test worker] c.a.controller.CourseControllerTest      : Started CourseControllerTest in 16.926 seconds (process running for 136.307)
2025-11-07T14:47:58.730-05:00 DEBUG 15816 --- [    Test worker] org.hibernate.SQL                        : select count(*) from course c1_0
Hibernate: select count(*) from course c1_0
2025-11-07T14:47:58.758-05:00 DEBUG 15816 --- [    Test worker] org.hibernate.SQL                        : insert into course (category,level,title,id) values (?,?,?,default)
Hibernate: insert into course (category,level,title,id) values (?,?,?,default)
2025-11-07T14:47:58.772-05:00 DEBUG 15816 --- [    Test worker] org.hibernate.SQL                        : insert into course (category,level,title,id) values (?,?,?,default)
Hibernate: insert into course (category,level,title,id) values (?,?,?,default)
2025-11-07T14:47:58.975-05:00 DEBUG 15816 --- [    Test worker] org.hibernate.SQL                        : insert into course (category,level,title,id) values (?,?,?,default)
Hibernate: insert into course (category,level,title,id) values (?,?,?,default)
2025-11-07T14:47:59.110-05:00 DEBUG 15816 --- [    Test worker] org.hibernate.SQL                        : insert into course (category,level,title,id) values (?,?,?,default)
Hibernate: insert into course (category,level,title,id) values (?,?,?,default)
2025-11-07T14:47:59.122-05:00 DEBUG 15816 --- [    Test worker] org.hibernate.SQL                        : insert into course (category,level,title,id) values (?,?,?,default)
Hibernate: insert into course (category,level,title,id) values (?,?,?,default)
2025-11-07T14:47:59.127-05:00 DEBUG 15816 --- [    Test worker] org.hibernate.SQL                        : insert into course (category,level,title,id) values (?,?,?,default)
Hibernate: insert into course (category,level,title,id) values (?,?,?,default)
2025-11-07T14:47:59.133-05:00 DEBUG 15816 --- [    Test worker] org.hibernate.SQL                        : insert into course (category,level,title,id) values (?,?,?,default)
Hibernate: insert into course (category,level,title,id) values (?,?,?,default)
2025-11-07T14:47:59.142-05:00 DEBUG 15816 --- [    Test worker] org.hibernate.SQL                        : select count(*) from users u1_0
Hibernate: select count(*) from users u1_0
2025-11-07T14:47:59.177-05:00 DEBUG 15816 --- [    Test worker] org.hibernate.SQL                        : insert into users (password,role,username,id) values (?,?,?,default)
Hibernate: insert into users (password,role,username,id) values (?,?,?,default)
2025-11-07T14:47:59.181-05:00 DEBUG 15816 --- [    Test worker] org.hibernate.SQL                        : insert into users (password,role,username,id) values (?,?,?,default)
Hibernate: insert into users (password,role,username,id) values (?,?,?,default)
2025-11-07T14:48:04.297-05:00  INFO 15816 --- [    Test worker]                                          : ?[96m

-------------------------------------------------------------------------------------
     _______. _______ .______       _______ .__   __.  __  .___________.____    ____ 
    /       ||   ____||   _  \     |   ____||  \ |  | |  | |           |\   \  /   / 
   |   (----`|  |__   |  |_)  |    |  |__   |   \|  | |  | `---|  |----` \   \/   /  
    \   \    |   __|  |      /     |   __|  |  . `  | |  |     |  |       \_    _/   
.----)   |   |  |____ |  |\  \----.|  |____ |  |\   | |  |     |  |         |  |     
|_______/    |_______|| _| `._____||_______||__| \__| |__|     |__|         |__|    
                                                                                     
 News and tutorials at http://www.serenity-bdd.info                                  
 Documentation at https://wakaleo.gitbooks.io/the-serenity-book/content/             
 Join the Serenity Community on Gitter: https://gitter.im/serenity-bdd/serenity-core 
 Serenity BDD Support and Training at http://serenity-bdd.info/#/trainingandsupport  
-------------------------------------------------------------------------------------
?[0m
2025-11-07T14:48:04.308-05:00  INFO 15816 --- [    Test worker]                                          : ?[96m

-------------------------------------------------------------------------------------
     _______. _______ .______       _______ .__   __.  __  .___________.____    ____ 
    /       ||   ____||   _  \     |   ____||  \ |  | |  | |           |\   \  /   / 
   |   (----`|  |__   |  |_)  |    |  |__   |   \|  | |  | `---|  |----` \   \/   /  
    \   \    |   __|  |      /     |   __|  |  . `  | |  |     |  |       \_    _/   
.----)   |   |  |____ |  |\  \----.|  |____ |  |\   | |  |     |  |         |  |     
|_______/    |_______|| _| `._____||_______||__| \__| |__|     |__|         |__|    
                                                                                     
 News and tutorials at http://www.serenity-bdd.info                                  
 Documentation at https://wakaleo.gitbooks.io/the-serenity-book/content/             
 Join the Serenity Community on Gitter: https://gitter.im/serenity-bdd/serenity-core 
 Serenity BDD Support and Training at http://serenity-bdd.info/#/trainingandsupport  
-------------------------------------------------------------------------------------
?[0m
2025-11-07T14:48:04.388-05:00  INFO 15816 --- [    Test worker]                                          : Test Suite Started: CourseControllerTest
2025-11-07T14:48:04.388-05:00  INFO 15816 --- [    Test worker]                                          : Test Suite Started: CourseControllerTest
2025-11-07T14:48:05.451-05:00  INFO 15816 --- [    Test worker]                                          : 
  _____   ___   ___   _____     ___   _____     _     ___   _____   ___   ___  
 |_   _| | __| / __| |_   _|   / __| |_   _|   /_\   | _ \ |_   _| | __| |   \ 
   | |   | _|  \__ \   | |     \__ \   | |    / _ \  |   /   | |   | _|  | |) |
   |_|   |___| |___/   |_|     |___/   |_|   /_/ \_\ |_|_\   |_|   |___| |___/ 

testCRUD()([engine:junit-jupiter]/[class:com.academy.controller.CourseControllerTest]/[method:testCRUD()])
--------------------------------------------------------------------------------
2025-11-07T14:48:05.454-05:00  INFO 15816 --- [    Test worker]                                          : 
  _____   ___   ___   _____     ___   _____     _     ___   _____   ___   ___  
 |_   _| | __| / __| |_   _|   / __| |_   _|   /_\   | _ \ |_   _| | __| |   \ 
   | |   | _|  \__ \   | |     \__ \   | |    / _ \  |   /   | |   | _|  | |) |
   |_|   |___| |___/   |_|     |___/   |_|   /_/ \_\ |_|_\   |_|   |___| |___/ 

testCRUD()([engine:junit-jupiter]/[class:com.academy.controller.CourseControllerTest]/[method:testCRUD()])
--------------------------------------------------------------------------------
2025-11-07T14:48:05.618-05:00 DEBUG 15816 --- [    Test worker] org.hibernate.SQL                        : select e1_0.id,e1_0.course_id,e1_0.student_id from enrollment e1_0
Hibernate: select e1_0.id,e1_0.course_id,e1_0.student_id from enrollment e1_0
2025-11-07T14:48:05.631-05:00 DEBUG 15816 --- [    Test worker] org.hibernate.SQL                        : select c1_0.id,c1_0.category,c1_0.level,c1_0.title from course c1_0
Hibernate: select c1_0.id,c1_0.category,c1_0.level,c1_0.title from course c1_0
2025-11-07T14:48:05.720-05:00 DEBUG 15816 --- [    Test worker] org.hibernate.SQL                        : delete from course where id=?
Hibernate: delete from course where id=?
2025-11-07T14:48:05.722-05:00 DEBUG 15816 --- [    Test worker] org.hibernate.SQL                        : delete from course where id=?
Hibernate: delete from course where id=?
2025-11-07T14:48:05.743-05:00 DEBUG 15816 --- [    Test worker] org.hibernate.SQL                        : delete from course where id=?
Hibernate: delete from course where id=?
2025-11-07T14:48:05.753-05:00 DEBUG 15816 --- [    Test worker] org.hibernate.SQL                        : delete from course where id=?
Hibernate: delete from course where id=?
2025-11-07T14:48:05.766-05:00 DEBUG 15816 --- [    Test worker] org.hibernate.SQL                        : delete from course where id=?
Hibernate: delete from course where id=?
2025-11-07T14:48:05.772-05:00 DEBUG 15816 --- [    Test worker] org.hibernate.SQL                        : delete from course where id=?
Hibernate: delete from course where id=?
2025-11-07T14:48:05.780-05:00 DEBUG 15816 --- [    Test worker] org.hibernate.SQL                        : delete from course where id=?
Hibernate: delete from course where id=?
2025-11-07T14:48:05.919-05:00  WARN 15816 --- [    Test worker] o.s.w.s.h.HandlerMappingIntrospector     : Cache miss for REQUEST dispatch to '/api/courses' (previous null). Performing CorsConfiguration lookup. This is logged once only at WARN level, and every time at TRACE.
2025-11-07T14:48:06.009-05:00 DEBUG 15816 --- [    Test worker] org.hibernate.SQL                        : insert into course (category,level,title,id) values (?,?,?,default)
Hibernate: insert into course (category,level,title,id) values (?,?,?,default)
2025-11-07T14:48:06.154-05:00 DEBUG 15816 --- [    Test worker] org.hibernate.SQL                        : select c1_0.id,c1_0.category,c1_0.level,c1_0.title from course c1_0
Hibernate: select c1_0.id,c1_0.category,c1_0.level,c1_0.title from course c1_0
2025-11-07T14:48:06.901-05:00 DEBUG 15816 --- [    Test worker] org.hibernate.SQL                        : select c1_0.id,c1_0.category,c1_0.level,c1_0.title from course c1_0
Hibernate: select c1_0.id,c1_0.category,c1_0.level,c1_0.title from course c1_0
2025-11-07T14:48:06.907-05:00 DEBUG 15816 --- [    Test worker] org.hibernate.SQL                        : select c1_0.id,c1_0.category,c1_0.level,c1_0.title from course c1_0 where c1_0.id=?
Hibernate: select c1_0.id,c1_0.category,c1_0.level,c1_0.title from course c1_0 where c1_0.id=?
2025-11-07T14:48:07.132-05:00 DEBUG 15816 --- [    Test worker] org.hibernate.SQL                        : update course set category=?,level=?,title=? where id=?
Hibernate: update course set category=?,level=?,title=? where id=?
2025-11-07T14:48:07.139-05:00 DEBUG 15816 --- [    Test worker] org.hibernate.SQL                        : select c1_0.id,c1_0.category,c1_0.level,c1_0.title from course c1_0 where c1_0.id=?
Hibernate: select c1_0.id,c1_0.category,c1_0.level,c1_0.title from course c1_0 where c1_0.id=?
2025-11-07T14:48:07.140-05:00 DEBUG 15816 --- [    Test worker] org.hibernate.SQL                        : delete from course where id=?
Hibernate: delete from course where id=?
2025-11-07T14:48:07.147-05:00 DEBUG 15816 --- [    Test worker] org.hibernate.SQL                        : select c1_0.id,c1_0.category,c1_0.level,c1_0.title from course c1_0 where c1_0.id=?
Hibernate: select c1_0.id,c1_0.category,c1_0.level,c1_0.title from course c1_0 where c1_0.id=?
]]></system-out>
  <system-err><![CDATA[]]></system-err>
</testsuite>
