<?xml version="1.0" encoding="UTF-8"?>
<testsuite name="com.academy.controller.CourseControllerTest" tests="1" skipped="0" failures="0" errors="0" timestamp="2025-11-05T22:58:58" hostname="PSOFKA01247" time="0.904">
  <properties/>
  <testcase name="testCRUD()" classname="com.academy.controller.CourseControllerTest" time="0.904"/>
  <system-out><![CDATA[17:58:52.916 [Test worker] INFO org.springframework.test.context.support.AnnotationConfigContextLoaderUtils -- Could not detect default configuration classes for test class [com.academy.controller.CourseControllerTest]: CourseControllerTest does not declare any static, non-private, non-final, nested classes annotated with @Configuration.
17:58:53.076 [Test worker] INFO org.springframework.boot.test.context.SpringBootTestContextBootstrapper -- Found @SpringBootConfiguration com.academy.Application for test class com.academy.controller.CourseControllerTest

  .   ____          _            __ _ _
 /\\ / ___'_ __ _ _(_)_ __  __ _ \ \ \ \
( ( )\___ | '_ | '_| | '_ \/ _` | \ \ \ \
 \\/  ___)| |_)| | | | | || (_| |  ) ) ) )
  '  |____| .__|_| |_|_| |_\__, | / / / /
 =========|_|==============|___/=/_/_/_/
 :: Spring Boot ::                (v3.2.0)

2025-11-05T17:58:53.508-05:00  INFO 24284 --- [    Test worker] c.a.controller.CourseControllerTest      : Starting CourseControllerTest using Java 21.0.8 with PID 24284 (started by gerardo.leyton in C:\Users\gerardo.leyton\Documents\academy-auto\backend)
2025-11-05T17:58:53.509-05:00  INFO 24284 --- [    Test worker] c.a.controller.CourseControllerTest      : No active profile set, falling back to 1 default profile: "default"
2025-11-05T17:58:54.276-05:00  INFO 24284 --- [    Test worker] .s.d.r.c.RepositoryConfigurationDelegate : Bootstrapping Spring Data JPA repositories in DEFAULT mode.
2025-11-05T17:58:54.339-05:00  INFO 24284 --- [    Test worker] .s.d.r.c.RepositoryConfigurationDelegate : Finished Spring Data repository scanning in 55 ms. Found 3 JPA repository interfaces.
2025-11-05T17:58:54.865-05:00  INFO 24284 --- [    Test worker] o.hibernate.jpa.internal.util.LogHelper  : HHH000204: Processing PersistenceUnitInfo [name: default]
2025-11-05T17:58:54.934-05:00  INFO 24284 --- [    Test worker] org.hibernate.Version                    : HHH000412: Hibernate ORM core version 6.3.1.Final
2025-11-05T17:58:54.994-05:00  INFO 24284 --- [    Test worker] o.h.c.internal.RegionFactoryInitiator    : HHH000026: Second-level cache disabled
2025-11-05T17:58:55.366-05:00  INFO 24284 --- [    Test worker] o.s.o.j.p.SpringPersistenceUnitInfo      : No LoadTimeWeaver setup: ignoring JPA class transformer
2025-11-05T17:58:55.413-05:00  INFO 24284 --- [    Test worker] com.zaxxer.hikari.HikariDataSource       : HikariPool-1 - Starting...
2025-11-05T17:58:55.686-05:00  INFO 24284 --- [    Test worker] com.zaxxer.hikari.pool.HikariPool        : HikariPool-1 - Added connection conn0: url=jdbc:h2:mem:academydb user=SA
2025-11-05T17:58:55.691-05:00  INFO 24284 --- [    Test worker] com.zaxxer.hikari.HikariDataSource       : HikariPool-1 - Start completed.
2025-11-05T17:58:55.734-05:00  WARN 24284 --- [    Test worker] org.hibernate.orm.deprecation            : HHH90000025: H2Dialect does not need to be specified explicitly using 'hibernate.dialect' (remove the property setting and it will be selected by default)
2025-11-05T17:58:56.912-05:00  INFO 24284 --- [    Test worker] o.h.e.t.j.p.i.JtaPlatformInitiator       : HHH000489: No JTA platform available (set 'hibernate.transaction.jta.platform' to enable JTA platform integration)
2025-11-05T17:58:57.012-05:00  INFO 24284 --- [    Test worker] j.LocalContainerEntityManagerFactoryBean : Initialized JPA EntityManagerFactory for persistence unit 'default'
2025-11-05T17:58:57.777-05:00  WARN 24284 --- [    Test worker] JpaBaseConfiguration$JpaWebConfiguration : spring.jpa.open-in-view is enabled by default. Therefore, database queries may be performed during view rendering. Explicitly configure spring.jpa.open-in-view to disable this warning
2025-11-05T17:58:58.279-05:00  INFO 24284 --- [    Test worker] o.s.b.a.h2.H2ConsoleAutoConfiguration    : H2 console available at '/h2-console'. Database available at 'jdbc:h2:mem:academydb'
2025-11-05T17:58:58.338-05:00  INFO 24284 --- [    Test worker] o.s.b.t.m.w.SpringBootMockServletContext : Initializing Spring TestDispatcherServlet ''
2025-11-05T17:58:58.338-05:00  INFO 24284 --- [    Test worker] o.s.t.web.servlet.TestDispatcherServlet  : Initializing Servlet ''
2025-11-05T17:58:58.340-05:00  INFO 24284 --- [    Test worker] o.s.t.web.servlet.TestDispatcherServlet  : Completed initialization in 0 ms
2025-11-05T17:58:58.373-05:00  INFO 24284 --- [    Test worker] c.a.controller.CourseControllerTest      : Started CourseControllerTest in 5.135 seconds (process running for 6.473)
]]></system-out>
  <system-err><![CDATA[WARNING: A Java agent has been loaded dynamically (C:\Users\gerardo.leyton\.gradle\caches\modules-2\files-2.1\net.bytebuddy\byte-buddy-agent\1.14.10\90ed94ac044ea8953b224304c762316e91fd6b31\byte-buddy-agent-1.14.10.jar)
WARNING: If a serviceability tool is in use, please run with -XX:+EnableDynamicAgentLoading to hide this warning
WARNING: If a serviceability tool is not in use, please run with -Djdk.instrument.traceUsage for more information
WARNING: Dynamic loading of agents will be disallowed by default in a future release
]]></system-err>
</testsuite>
