<?xml version="1.0" encoding="UTF-8"?>
<testsuite name="com.gerardoleyton.integration.CourseIntegrationTest" tests="1" skipped="0" failures="0" errors="0" timestamp="2025-11-06T17:26:19" hostname="PARCEGER" time="0.158">
  <properties/>
  <testcase name="createAndListCourses()" classname="com.gerardoleyton.integration.CourseIntegrationTest" time="0.158"/>
  <system-out><![CDATA[2025-11-06T12:26:19.253-05:00  INFO 27452 --- [    Test worker] t.c.s.AnnotationConfigContextLoaderUtils : Could not detect default configuration classes for test class [com.gerardoleyton.integration.CourseIntegrationTest]: CourseIntegrationTest does not declare any static, non-private, non-final, nested classes annotated with @Configuration.
2025-11-06T12:26:19.256-05:00  INFO 27452 --- [    Test worker] .b.t.c.SpringBootTestContextBootstrapper : Found @SpringBootConfiguration com.gerardoleyton.AcademyApplication for test class com.gerardoleyton.integration.CourseIntegrationTest
2025-11-06T12:26:19.297-05:00  INFO 27452 --- [    Test worker]                                          : 

-------------------------------------------------------------------------------------
     _______. _______ .______       _______ .__   __.  __  .___________.____    ____ 
    /       ||   ____||   _  \     |   ____||  \ |  | |  | |           |\   \  /   / 
   |   (----`|  |__   |  |_)  |    |  |__   |   \|  | |  | `---|  |----` \   \/   /  
    \   \    |   __|  |      /     |   __|  |  . `  | |  |     |  |       \_    _/   
.----)   |   |  |____ |  |\  \----.|  |____ |  |\   | |  |     |  |         |  |     
|_______/    |_______|| _| `._____||_______||__| \__| |__|     |__|         |__|    
                                                                                     
 News and tutorials at http://www.serenity-bdd.info                                  
 Documentation at https://wakaleo.gitbooks.io/the-serenity-book/content/             
 Join the Serenity Community on Gitter: https://gitter.im/serenity-bdd/serenity-core 
 Serenity BDD Support and Training at http://serenity-bdd.info/#/trainingandsupport  
-------------------------------------------------------------------------------------

2025-11-06T12:26:19.321-05:00  INFO 27452 --- [    Test worker]                                          : Test Suite Started: CourseIntegrationTest
2025-11-06T12:26:19.321-05:00  INFO 27452 --- [    Test worker]                                          : Test Suite Started: CourseIntegrationTest
2025-11-06T12:26:19.405-05:00  INFO 27452 --- [    Test worker]                                          : 
  _____   ___   ___   _____     ___   _____     _     ___   _____   ___   ___  
 |_   _| | __| / __| |_   _|   / __| |_   _|   /_\   | _ \ |_   _| | __| |   \ 
   | |   | _|  \__ \   | |     \__ \   | |    / _ \  |   /   | |   | _|  | |) |
   |_|   |___| |___/   |_|     |___/   |_|   /_/ \_\ |_|_\   |_|   |___| |___/ 

createAndListCourses()([engine:junit-jupiter]/[class:com.gerardoleyton.integration.CourseIntegrationTest]/[method:createAndListCourses()])
--------------------------------------------------------------------------------
2025-11-06T12:26:19.407-05:00  INFO 27452 --- [    Test worker]                                          : 
  _____   ___   ___   _____     ___   _____     _     ___   _____   ___   ___  
 |_   _| | __| / __| |_   _|   / __| |_   _|   /_\   | _ \ |_   _| | __| |   \ 
   | |   | _|  \__ \   | |     \__ \   | |    / _ \  |   /   | |   | _|  | |) |
   |_|   |___| |___/   |_|     |___/   |_|   /_/ \_\ |_|_\   |_|   |___| |___/ 

createAndListCourses()([engine:junit-jupiter]/[class:com.gerardoleyton.integration.CourseIntegrationTest]/[method:createAndListCourses()])
--------------------------------------------------------------------------------
Hibernate: insert into course (description,title,id) values (?,?,default)
Hibernate: select c1_0.id,c1_0.description,c1_0.title from course c1_0
Hibernate: select s1_0.course_id,s1_1.id,s1_1.email,s1_1.password,s1_1.role,s1_1.username from course_students s1_0 join users s1_1 on s1_1.id=s1_0.user_id where s1_0.course_id=?
Hibernate: select s1_0.course_id,s1_1.id,s1_1.email,s1_1.password,s1_1.role,s1_1.username from course_students s1_0 join users s1_1 on s1_1.id=s1_0.user_id where s1_0.course_id=?
]]></system-out>
  <system-err><![CDATA[]]></system-err>
</testsuite>
