<?xml version="1.0" encoding="UTF-8"?>
<testsuite name="com.academy.controller.UserControllerTest" tests="1" skipped="0" failures="0" errors="0" timestamp="2025-11-07T19:48:08" hostname="PARCEGER" time="0.283">
  <properties/>
  <testcase name="testCRUD()" classname="com.academy.controller.UserControllerTest" time="0.283"/>
  <system-out><![CDATA[2025-11-07T14:48:07.350-05:00  INFO 15816 --- [    Test worker] t.c.s.AnnotationConfigContextLoaderUtils : Could not detect default configuration classes for test class [com.academy.controller.UserControllerTest]: UserControllerTest does not declare any static, non-private, non-final, nested classes annotated with @Configuration.
2025-11-07T14:48:07.355-05:00  INFO 15816 --- [    Test worker] .b.t.c.SpringBootTestContextBootstrapper : Found @SpringBootConfiguration com.academy.BackendApplication for test class com.academy.controller.UserControllerTest
2025-11-07T14:48:08.007-05:00  INFO 15816 --- [    Test worker]                                          : ?[96m

-------------------------------------------------------------------------------------
     _______. _______ .______       _______ .__   __.  __  .___________.____    ____ 
    /       ||   ____||   _  \     |   ____||  \ |  | |  | |           |\   \  /   / 
   |   (----`|  |__   |  |_)  |    |  |__   |   \|  | |  | `---|  |----` \   \/   /  
    \   \    |   __|  |      /     |   __|  |  . `  | |  |     |  |       \_    _/   
.----)   |   |  |____ |  |\  \----.|  |____ |  |\   | |  |     |  |         |  |     
|_______/    |_______|| _| `._____||_______||__| \__| |__|     |__|         |__|    
                                                                                     
 News and tutorials at http://www.serenity-bdd.info                                  
 Documentation at https://wakaleo.gitbooks.io/the-serenity-book/content/             
 Join the Serenity Community on Gitter: https://gitter.im/serenity-bdd/serenity-core 
 Serenity BDD Support and Training at http://serenity-bdd.info/#/trainingandsupport  
-------------------------------------------------------------------------------------
?[0m
2025-11-07T14:48:08.133-05:00  INFO 15816 --- [    Test worker]                                          : Test Suite Started: UserControllerTest
2025-11-07T14:48:08.133-05:00  INFO 15816 --- [    Test worker]                                          : Test Suite Started: UserControllerTest
2025-11-07T14:48:08.439-05:00  INFO 15816 --- [    Test worker]                                          : 
  _____   ___   ___   _____     ___   _____     _     ___   _____   ___   ___  
 |_   _| | __| / __| |_   _|   / __| |_   _|   /_\   | _ \ |_   _| | __| |   \ 
   | |   | _|  \__ \   | |     \__ \   | |    / _ \  |   /   | |   | _|  | |) |
   |_|   |___| |___/   |_|     |___/   |_|   /_/ \_\ |_|_\   |_|   |___| |___/ 

testCRUD()([engine:junit-jupiter]/[class:com.academy.controller.UserControllerTest]/[method:testCRUD()])
--------------------------------------------------------------------------------
2025-11-07T14:48:08.439-05:00  INFO 15816 --- [    Test worker]                                          : 
  _____   ___   ___   _____     ___   _____     _     ___   _____   ___   ___  
 |_   _| | __| / __| |_   _|   / __| |_   _|   /_\   | _ \ |_   _| | __| |   \ 
   | |   | _|  \__ \   | |     \__ \   | |    / _ \  |   /   | |   | _|  | |) |
   |_|   |___| |___/   |_|     |___/   |_|   /_/ \_\ |_|_\   |_|   |___| |___/ 

testCRUD()([engine:junit-jupiter]/[class:com.academy.controller.UserControllerTest]/[method:testCRUD()])
--------------------------------------------------------------------------------
2025-11-07T14:48:08.485-05:00 DEBUG 15816 --- [    Test worker] org.hibernate.SQL                        : select e1_0.id,e1_0.course_id,e1_0.student_id from enrollment e1_0
Hibernate: select e1_0.id,e1_0.course_id,e1_0.student_id from enrollment e1_0
2025-11-07T14:48:08.494-05:00 DEBUG 15816 --- [    Test worker] org.hibernate.SQL                        : select u1_0.id,u1_0.password,u1_0.role,u1_0.username from users u1_0
Hibernate: select u1_0.id,u1_0.password,u1_0.role,u1_0.username from users u1_0
2025-11-07T14:48:08.500-05:00 DEBUG 15816 --- [    Test worker] org.hibernate.SQL                        : delete from users where id=?
Hibernate: delete from users where id=?
2025-11-07T14:48:08.512-05:00 DEBUG 15816 --- [    Test worker] org.hibernate.SQL                        : delete from users where id=?
Hibernate: delete from users where id=?
2025-11-07T14:48:08.590-05:00 DEBUG 15816 --- [    Test worker] org.hibernate.SQL                        : insert into users (password,role,username,id) values (?,?,?,default)
Hibernate: insert into users (password,role,username,id) values (?,?,?,default)
2025-11-07T14:48:08.635-05:00 DEBUG 15816 --- [    Test worker] org.hibernate.SQL                        : select u1_0.id,u1_0.password,u1_0.role,u1_0.username from users u1_0
Hibernate: select u1_0.id,u1_0.password,u1_0.role,u1_0.username from users u1_0
2025-11-07T14:48:08.647-05:00 DEBUG 15816 --- [    Test worker] org.hibernate.SQL                        : select u1_0.id,u1_0.password,u1_0.role,u1_0.username from users u1_0
Hibernate: select u1_0.id,u1_0.password,u1_0.role,u1_0.username from users u1_0
2025-11-07T14:48:08.661-05:00 DEBUG 15816 --- [    Test worker] org.hibernate.SQL                        : select u1_0.id,u1_0.password,u1_0.role,u1_0.username from users u1_0 where u1_0.id=?
Hibernate: select u1_0.id,u1_0.password,u1_0.role,u1_0.username from users u1_0 where u1_0.id=?
2025-11-07T14:48:08.665-05:00 DEBUG 15816 --- [    Test worker] org.hibernate.SQL                        : update users set password=?,role=?,username=? where id=?
Hibernate: update users set password=?,role=?,username=? where id=?
2025-11-07T14:48:08.739-05:00 DEBUG 15816 --- [    Test worker] org.hibernate.SQL                        : select u1_0.id,u1_0.password,u1_0.role,u1_0.username from users u1_0 where u1_0.id=?
Hibernate: select u1_0.id,u1_0.password,u1_0.role,u1_0.username from users u1_0 where u1_0.id=?
2025-11-07T14:48:08.744-05:00 DEBUG 15816 --- [    Test worker] org.hibernate.SQL                        : delete from users where id=?
Hibernate: delete from users where id=?
]]></system-out>
  <system-err><![CDATA[]]></system-err>
</testsuite>
